[main] 2021-08-17 17:19:39 INFO  com.app.Main  - Welcome to Ecommerce App
[main] 2021-08-17 17:19:39 INFO  com.app.Main  - 1)For Employee
 2)For Customer
[main] 2021-08-17 17:19:48 INFO  com.app.Main  - Welcome to Ecommerce App
[main] 2021-08-17 17:19:48 INFO  com.app.Main  - 1)For Employee
2)For Customer
[main] 2021-08-17 17:36:56 INFO  com.app.Main  - Welcome to Ecommerce App
[main] 2021-08-17 17:36:56 INFO  com.app.Main  - --------------------------------------
[main] 2021-08-17 17:36:56 INFO  com.app.Main  - 

1)For Employee
2)For Customer
[main] 2021-08-17 17:37:02 INFO  com.app.Main  - Hello employee Please Login!
[main] 2021-08-17 17:37:02 INFO  com.app.Main  - Enter User Id:
[main] 2021-08-17 17:42:12 INFO  com.app.Main  - Welcome to Ecommerce App
[main] 2021-08-17 17:42:12 INFO  com.app.Main  - --------------------------------------
[main] 2021-08-17 17:42:12 INFO  com.app.Main  - 
1)For Employee
2)For Customer
[main] 2021-08-17 17:42:16 INFO  com.app.Main  - Hello employee Please Login!
[main] 2021-08-17 17:42:16 INFO  com.app.Main  - Enter User Id:
[main] 2021-08-17 17:42:28 INFO  com.app.Main  - Enter password
[main] 2021-08-17 17:42:34 INFO  com.app.Main  - hii
[main] 2021-08-17 18:32:48 INFO  com.app.Main  - Welcome to Ecommerce App
[main] 2021-08-17 18:32:48 INFO  com.app.Main  - --------------------------------------
[main] 2021-08-17 18:32:48 INFO  com.app.Main  - 
1)For Employee
2)For Customer
[main] 2021-08-17 18:32:53 INFO  com.app.Main  - Hello User Please Enter Userid and Password to Continue Shopping
[main] 2021-08-17 18:32:53 INFO  com.app.Main  - Enter mailId
[main] 2021-08-17 18:33:20 INFO  com.app.Main  - hii
[main] 2021-08-17 18:33:20 INFO  com.app.Main  - 
1)For Employee
2)For Customer
[main] 2021-08-17 18:34:21 INFO  com.app.Main  - Welcome to Ecommerce App
[main] 2021-08-17 18:34:21 INFO  com.app.Main  - --------------------------------------
[main] 2021-08-17 18:34:21 INFO  com.app.Main  - 
1)For Employee
2)For Customer
[main] 2021-08-17 18:34:25 INFO  com.app.Main  - Hello User Please Enter Userid and Password to Continue Shopping
[main] 2021-08-17 18:34:25 INFO  com.app.Main  - Enter mailId
[main] 2021-08-17 18:34:37 INFO  com.app.Main  - Please Enter Valid UserId
[main] 2021-08-17 18:34:37 INFO  com.app.Main  - 
1)For Employee
2)For Customer
[main] 2021-08-17 18:35:01 INFO  com.app.Main  - Welcome to Ecommerce App
[main] 2021-08-17 18:35:01 INFO  com.app.Main  - --------------------------------------
[main] 2021-08-17 18:35:01 INFO  com.app.Main  - 
1)For Employee
2)For Customer
[main] 2021-08-17 18:35:17 WARN  com.app.Main  - Must have choice as 1 or 2
[main] 2021-08-17 18:36:09 INFO  com.app.Main  - Welcome to Ecommerce App
[main] 2021-08-17 18:36:09 INFO  com.app.Main  - --------------------------------------
[main] 2021-08-17 18:36:09 INFO  com.app.Main  - 
1)For Employee
2)For Customer
[main] 2021-08-17 18:36:12 INFO  com.app.Main  - Hello employee Please Login!
[main] 2021-08-17 18:36:12 INFO  com.app.Main  - Enter User Id:
[main] 2021-08-17 18:36:18 INFO  com.app.Main  - Enter password
[main] 2021-08-17 18:36:19 INFO  com.app.Main  - 
1)For Employee
2)For Customer
[main] 2021-08-17 18:37:41 INFO  com.app.Main  - Welcome to Ecommerce App
[main] 2021-08-17 18:37:41 INFO  com.app.Main  - --------------------------------------
[main] 2021-08-17 18:37:41 INFO  com.app.Main  - 
1)For Employee
2)For Customer
[main] 2021-08-17 18:37:44 INFO  com.app.Main  - Hello employee Please Login!
[main] 2021-08-17 18:37:44 INFO  com.app.Main  - Enter User Id:
[main] 2021-08-17 18:37:50 INFO  com.app.Main  - Enter password
[main] 2021-08-17 18:37:54 INFO  com.app.Main  - hii
[main] 2021-08-17 18:37:54 INFO  com.app.Main  - 
1)For Employee
2)For Customer
[main] 2021-08-17 18:37:59 INFO  com.app.Main  - Hello employee Please Login!
[main] 2021-08-17 18:37:59 INFO  com.app.Main  - Enter User Id:
[main] 2021-08-17 18:38:01 INFO  com.app.Main  - Enter password
[main] 2021-08-17 18:38:03 INFO  com.app.Main  - You are Not an employee.. if you are customer please login
[main] 2021-08-17 18:38:03 INFO  com.app.Main  - 
1)For Employee
2)For Customer
[main] 2021-08-17 18:38:25 INFO  com.app.Main  - Welcome to Ecommerce App
[main] 2021-08-17 18:38:25 INFO  com.app.Main  - --------------------------------------
[main] 2021-08-17 18:38:25 INFO  com.app.Main  - 
1)For Employee
2)For Customer
[main] 2021-08-17 18:38:29 INFO  com.app.Main  - Hello User Please Enter Userid and Password to Continue Shopping
[main] 2021-08-17 18:38:29 INFO  com.app.Main  - Enter mailId
[main] 2021-08-17 18:38:40 INFO  com.app.Main  - hii
[main] 2021-08-17 18:38:40 INFO  com.app.Main  - 
1)For Employee
2)For Customer
[main] 2021-08-17 18:41:16 INFO  com.app.Main  - Welcome to Ecommerce App
[main] 2021-08-17 18:41:16 INFO  com.app.Main  - --------------------------------------
[main] 2021-08-17 18:41:16 INFO  com.app.Main  - 
1)For Employee
2)For Customer
[main] 2021-08-17 18:41:19 INFO  com.app.Main  - Hello User Please Enter Userid and Password to Continue Shopping

[main] 2021-08-17 18:41:19 INFO  com.app.Main  - Enter mailId

[main] 2021-08-17 18:41:39 INFO  com.app.Main  - hii

[main] 2021-08-17 18:41:39 INFO  com.app.Main  - 
1)For Employee
2)For Customer
[main] 2021-08-17 18:42:10 INFO  com.app.Main  - Welcome to Ecommerce App
[main] 2021-08-17 18:42:10 INFO  com.app.Main  - --------------------------------------
[main] 2021-08-17 18:42:10 INFO  com.app.Main  - 
1)For Employee
2)For Customer
[main] 2021-08-17 18:42:14 INFO  com.app.Main  - Hello User Please Enter Userid and Password to Continue Shopping

[main] 2021-08-17 18:42:14 INFO  com.app.Main  - Enter mailId

[main] 2021-08-17 18:42:25 INFO  com.app.Main  - hii

[main] 2021-08-17 18:42:25 INFO  com.app.Main  - 
1)For Employee
2)For Customer
[main] 2021-08-17 18:42:35 INFO  com.app.Main  - Welcome to Ecommerce App
[main] 2021-08-17 18:42:35 INFO  com.app.Main  - --------------------------------------
[main] 2021-08-17 18:42:35 INFO  com.app.Main  - 
1)For Employee
2)For Customer
[main] 2021-08-17 18:42:37 INFO  com.app.Main  - Hello User Please Enter Userid and Password to Continue Shopping

[main] 2021-08-17 18:42:37 INFO  com.app.Main  - Enter mailId

[main] 2021-08-17 18:42:47 INFO  com.app.Main  - hii

[main] 2021-08-17 18:42:47 INFO  com.app.Main  - 
1)For Employee
2)For Customer
[main] 2021-08-17 18:42:52 INFO  com.app.Main  - Welcome to Ecommerce App
[main] 2021-08-17 18:42:52 INFO  com.app.Main  - --------------------------------------
[main] 2021-08-17 18:42:52 INFO  com.app.Main  - 
1)For Employee
2)For Customer
[main] 2021-08-17 18:42:56 INFO  com.app.Main  - Hello User Please Enter Userid and Password to Continue Shopping

[main] 2021-08-17 18:42:56 INFO  com.app.Main  - Enter mailId

[main] 2021-08-17 18:43:08 INFO  com.app.Main  - Please Enter Valid UserId

[main] 2021-08-17 18:43:08 INFO  com.app.Main  - 
1)For Employee
2)For Customer
[main] 2021-08-17 20:07:14 INFO  com.app.Main  - Welcome to Ecommerce App
[main] 2021-08-17 20:07:14 INFO  com.app.Main  - --------------------------------------
[main] 2021-08-17 20:07:14 INFO  com.app.Main  - 
1)For Employee
2)For Customer
[main] 2021-08-17 20:07:22 INFO  com.app.Main  - Hello employee Please Login!

[main] 2021-08-17 20:07:22 INFO  com.app.Main  - Enter User Id:

[main] 2021-08-17 20:07:31 INFO  com.app.Main  - Enter password

[main] 2021-08-17 20:07:38 INFO  com.app.Main  - 1)Add a product into List
[main] 2021-08-17 20:07:38 INFO  com.app.Main  - 2)View All product
[main] 2021-08-17 20:07:48 INFO  com.app.Main  - Add details about the product
[main] 2021-08-17 20:07:48 INFO  com.app.Main  - Enter product id
[main] 2021-08-17 20:07:51 INFO  com.app.Main  - Enter Product Name
[main] 2021-08-17 20:09:15 INFO  com.app.Main  - Enter Product Cost
[main] 2021-08-17 20:09:19 INFO  com.app.Main  - 
1)For Employee
2)For Customer
[main] 2021-08-17 20:24:37 INFO  com.app.Main  - Welcome to Ecommerce App
[main] 2021-08-17 20:24:37 INFO  com.app.Main  - --------------------------------------
[main] 2021-08-17 20:24:37 INFO  com.app.Main  - 
1)For Employee
2)For Customer
[main] 2021-08-17 20:24:40 INFO  com.app.Main  - Hello employee Please Login!

[main] 2021-08-17 20:24:40 INFO  com.app.Main  - Enter User Id:

[main] 2021-08-17 20:24:47 INFO  com.app.Main  - Enter password

[main] 2021-08-17 20:24:50 INFO  com.app.Main  - 1)Add a product into List
[main] 2021-08-17 20:24:50 INFO  com.app.Main  - 2)View All product
[main] 2021-08-17 20:24:53 INFO  com.app.Main  - Add details about the product
[main] 2021-08-17 20:24:53 INFO  com.app.Main  - Enter product id
[main] 2021-08-17 20:24:55 INFO  com.app.Main  - Enter Product Name
[main] 2021-08-17 20:24:58 INFO  com.app.Main  - Enter Product Cost
[main] 2021-08-17 20:25:01 INFO  com.app.Main  - 
1)For Employee
2)For Customer
[main] 2021-08-17 20:27:32 INFO  com.app.Main  - Welcome to Ecommerce App
[main] 2021-08-17 20:27:32 INFO  com.app.Main  - --------------------------------------
[main] 2021-08-17 20:27:32 INFO  com.app.Main  - 
1)For Employee
2)For Customer
[main] 2021-08-17 20:27:35 INFO  com.app.Main  - Hello employee Please Login!

[main] 2021-08-17 20:27:35 INFO  com.app.Main  - Enter User Id:

[main] 2021-08-17 20:27:39 INFO  com.app.Main  - Enter password

[main] 2021-08-17 20:27:41 INFO  com.app.Main  - 1)Add a product into List
[main] 2021-08-17 20:27:41 INFO  com.app.Main  - 2)View All product
[main] 2021-08-17 20:27:43 INFO  com.app.Main  - Add details about the product
[main] 2021-08-17 20:27:43 INFO  com.app.Main  - Enter product id
[main] 2021-08-17 20:27:45 INFO  com.app.Main  - Enter Product Name
[main] 2021-08-17 20:27:47 INFO  com.app.Main  - Enter Product Cost
[main] 2021-08-17 20:27:50 WARN  com.app.Main  - Product Not Created:
com.app.exception.BusinessException: Cost cant be 00.0
	at com.app.employeeServiceImpl.EmployeeServiceImpl.createProduct(EmployeeServiceImpl.java:15)
	at com.app.Main.main(Main.java:60)
[main] 2021-08-17 20:27:50 INFO  com.app.Main  - 
1)For Employee
2)For Customer
[main] 2021-08-17 20:33:42 INFO  com.app.Main  - Welcome to Ecommerce App
[main] 2021-08-17 20:33:42 INFO  com.app.Main  - --------------------------------------
[main] 2021-08-17 20:33:42 INFO  com.app.Main  - 
1)For Employee
2)For Customer
[main] 2021-08-17 20:33:45 INFO  com.app.Main  - Hello employee Please Login!

[main] 2021-08-17 20:33:45 INFO  com.app.Main  - Enter User Id:

[main] 2021-08-17 20:33:50 INFO  com.app.Main  - Enter password

[main] 2021-08-17 20:33:52 INFO  com.app.Main  - 1)Add a product into List
[main] 2021-08-17 20:33:52 INFO  com.app.Main  - 2)View All product
[main] 2021-08-17 20:33:54 INFO  com.app.Main  - Add details about the product
[main] 2021-08-17 20:33:54 INFO  com.app.Main  - Enter product id
[main] 2021-08-17 20:33:56 INFO  com.app.Main  - Enter Product Name
[main] 2021-08-17 20:33:59 INFO  com.app.Main  - Enter Product Cost
[main] 2021-08-17 20:34:11 INFO  com.app.Main  - Add details about the product
[main] 2021-08-17 20:34:11 INFO  com.app.Main  - Enter product id
[main] 2021-08-17 20:50:43 INFO  com.app.Main  - Welcome to Ecommerce App
[main] 2021-08-17 20:50:43 INFO  com.app.Main  - --------------------------------------
[main] 2021-08-17 20:50:43 INFO  com.app.Main  - 
1)For Employee
2)For Customer
[main] 2021-08-17 20:50:51 INFO  com.app.Main  - Hello employee Please Login!

[main] 2021-08-17 20:50:51 INFO  com.app.Main  - Enter User Id:

[main] 2021-08-17 20:50:57 INFO  com.app.Main  - Enter password

[main] 2021-08-17 20:51:12 INFO  com.app.Main  - You are Not an employee.. if you are customer please login

[main] 2021-08-17 20:51:12 INFO  com.app.Main  - 
1)For Employee
2)For Customer
[main] 2021-08-17 20:51:19 INFO  com.app.Main  - Hello employee Please Login!

[main] 2021-08-17 20:51:19 INFO  com.app.Main  - Enter User Id:

[main] 2021-08-17 20:51:24 INFO  com.app.Main  - Enter password

[main] 2021-08-17 20:51:26 INFO  com.app.Main  - 1)Add a product into List
[main] 2021-08-17 20:51:26 INFO  com.app.Main  - 2)View All product
[main] 2021-08-17 20:51:30 INFO  com.app.Main  - Add details about the product
[main] 2021-08-17 20:51:30 INFO  com.app.Main  - Enter product id
[main] 2021-08-17 20:51:33 INFO  com.app.Main  - Enter Product Name
[main] 2021-08-17 20:51:36 INFO  com.app.Main  - Enter Product Cost
[main] 2021-08-17 20:52:16 INFO  com.app.Main  - Welcome to Ecommerce App
[main] 2021-08-17 20:52:16 INFO  com.app.Main  - --------------------------------------
[main] 2021-08-17 20:52:16 INFO  com.app.Main  - 
1)For Employee
2)For Customer
[main] 2021-08-17 20:52:19 INFO  com.app.Main  - Hello employee Please Login!

[main] 2021-08-17 20:52:19 INFO  com.app.Main  - Enter User Id:

[main] 2021-08-17 20:52:23 INFO  com.app.Main  - Enter password

[main] 2021-08-17 20:52:25 INFO  com.app.Main  - 1)Add a product into List
[main] 2021-08-17 20:52:25 INFO  com.app.Main  - 2)View All product
[main] 2021-08-17 20:52:26 INFO  com.app.Main  - Add details about the product
[main] 2021-08-17 20:52:26 INFO  com.app.Main  - Enter product id
[main] 2021-08-17 20:52:28 INFO  com.app.Main  - Enter Product Name
[main] 2021-08-17 20:52:29 INFO  com.app.Main  - Enter Product Cost
[main] 2021-08-17 21:31:03 INFO  com.app.Main  - Welcome to Ecommerce App
[main] 2021-08-17 21:31:03 INFO  com.app.Main  - --------------------------------------
[main] 2021-08-17 21:31:03 INFO  com.app.Main  - 
1)For Employee
2)For Customer
[main] 2021-08-17 21:31:07 INFO  com.app.Main  - Hello employee Please Login!

[main] 2021-08-17 21:31:07 INFO  com.app.Main  - Enter User Id:

[main] 2021-08-17 21:31:10 INFO  com.app.Main  - Enter password

[main] 2021-08-17 21:31:14 INFO  com.app.Main  - 1)Add a product into List
[main] 2021-08-17 21:31:14 INFO  com.app.Main  - 2)View All product
[main] 2021-08-17 21:31:16 INFO  com.app.Main  - Add details about the product
[main] 2021-08-17 21:31:16 INFO  com.app.Main  - Enter Product Name
[main] 2021-08-17 21:31:20 INFO  com.app.Main  - Enter Product Cost
[main] 2021-08-17 22:08:59 INFO  com.app.Main  - Add details about the product
[main] 2021-08-17 22:08:59 INFO  com.app.Main  - Enter Product Name
[main] 2021-08-17 22:09:00 INFO  com.app.Main  - Enter Product Cost
[main] 2021-08-17 22:12:29 INFO  com.app.Main  - Welcome to Ecommerce App
[main] 2021-08-17 22:12:29 INFO  com.app.Main  - --------------------------------------
[main] 2021-08-17 22:12:29 INFO  com.app.Main  - 
1)For Employee
2)For Customer
[main] 2021-08-17 22:12:32 INFO  com.app.Main  - Hello employee Please Login!

[main] 2021-08-17 22:12:32 INFO  com.app.Main  - Enter User Id:

[main] 2021-08-17 22:12:36 INFO  com.app.Main  - Enter password

[main] 2021-08-17 22:12:41 INFO  com.app.Main  - 1)Add a product into List
[main] 2021-08-17 22:12:41 INFO  com.app.Main  - 2)View All product
[main] 2021-08-17 22:12:42 INFO  com.app.Main  - Add details about the product
[main] 2021-08-17 22:12:42 INFO  com.app.Main  - Enter Product Name
[main] 2021-08-17 22:12:59 INFO  com.app.Main  - Enter Product Cost
[main] 2021-08-17 22:20:22 INFO  com.app.Main  - Welcome to Ecommerce App
[main] 2021-08-17 22:20:22 INFO  com.app.Main  - --------------------------------------
[main] 2021-08-17 22:20:22 INFO  com.app.Main  - 
1)For Employee
2)For Customer
[main] 2021-08-17 22:20:25 INFO  com.app.Main  - Hello employee Please Login!

[main] 2021-08-17 22:20:25 INFO  com.app.Main  - Enter User Id:

[main] 2021-08-17 22:20:30 INFO  com.app.Main  - Enter password

[main] 2021-08-17 22:20:33 INFO  com.app.Main  - 1)Add a product into List
[main] 2021-08-17 22:20:33 INFO  com.app.Main  - 2)View All product
[main] 2021-08-17 22:20:36 INFO  com.app.Main  - Add details about the product
[main] 2021-08-17 22:20:36 INFO  com.app.Main  - Enter Product Name
[main] 2021-08-17 22:20:52 INFO  com.app.Main  - Enter Product Cost
[main] 2021-08-17 22:22:43 INFO  com.app.Main  - Welcome to Ecommerce App
[main] 2021-08-17 22:22:43 INFO  com.app.Main  - --------------------------------------
[main] 2021-08-17 22:22:43 INFO  com.app.Main  - 
1)For Employee
2)For Customer
[main] 2021-08-17 22:22:46 INFO  com.app.Main  - Hello employee Please Login!

[main] 2021-08-17 22:22:46 INFO  com.app.Main  - Enter User Id:

[main] 2021-08-17 22:22:49 INFO  com.app.Main  - Enter password

[main] 2021-08-17 22:22:52 INFO  com.app.Main  - 1)Add a product into List
[main] 2021-08-17 22:22:52 INFO  com.app.Main  - Delete a product from product list
[main] 2021-08-17 22:22:52 INFO  com.app.Main  - 2)View All product
[main] 2021-08-17 22:23:10 INFO  com.app.Main  - Add details about the product
[main] 2021-08-17 22:23:10 INFO  com.app.Main  - Enter Product Name
[main] 2021-08-17 22:23:19 INFO  com.app.Main  - Enter Product Cost
[main] 2021-08-17 22:55:09 INFO  com.app.Main  - Welcome to Ecommerce App
[main] 2021-08-17 22:55:09 INFO  com.app.Main  - --------------------------------------
[main] 2021-08-17 22:55:09 INFO  com.app.Main  - 
1)For Employee
2)For Customer
[main] 2021-08-17 22:55:12 INFO  com.app.Main  - Hello employee Please Login!

[main] 2021-08-17 22:55:12 INFO  com.app.Main  - Enter User Id:

[main] 2021-08-17 22:55:16 INFO  com.app.Main  - Enter password

[main] 2021-08-17 22:55:20 INFO  com.app.Main  - 1)Add a product into List
[main] 2021-08-17 22:55:20 INFO  com.app.Main  - 2)View All product
[main] 2021-08-17 22:55:20 INFO  com.app.Main  - 3)Delete a product from product list
[main] 2021-08-17 22:55:25 INFO  com.app.Main  - View All Products 
[main] 2021-08-17 22:57:42 INFO  com.app.Main  - Welcome to Ecommerce App
[main] 2021-08-17 22:57:42 INFO  com.app.Main  - --------------------------------------
[main] 2021-08-17 22:57:42 INFO  com.app.Main  - 
1)For Employee
2)For Customer
[main] 2021-08-17 22:57:45 INFO  com.app.Main  - Hello employee Please Login!

[main] 2021-08-17 22:57:45 INFO  com.app.Main  - Enter User Id:

[main] 2021-08-17 22:57:48 INFO  com.app.Main  - Enter password

[main] 2021-08-17 22:57:51 INFO  com.app.Main  - 1)Add a product into List
[main] 2021-08-17 22:57:51 INFO  com.app.Main  - 2)View All product
[main] 2021-08-17 22:57:51 INFO  com.app.Main  - 3)Delete a product from product list
[main] 2021-08-17 22:57:54 INFO  com.app.Main  - View All Products 
[main] 2021-08-17 22:57:55 INFO  com.app.Main  - 
[main] 2021-08-17 22:57:55 INFO  com.app.Main  - Only Employee can change Product items...Contact Admin
[main] 2021-08-17 22:59:22 INFO  com.app.Main  - Welcome to Ecommerce App
[main] 2021-08-17 22:59:22 INFO  com.app.Main  - --------------------------------------
[main] 2021-08-17 22:59:22 INFO  com.app.Main  - 
1)For Employee
2)For Customer
[main] 2021-08-17 22:59:25 INFO  com.app.Main  - Hello employee Please Login!

[main] 2021-08-17 22:59:25 INFO  com.app.Main  - Enter User Id:

[main] 2021-08-17 22:59:28 INFO  com.app.Main  - Enter password

[main] 2021-08-17 22:59:31 INFO  com.app.Main  - 1)Add a product into List
[main] 2021-08-17 22:59:31 INFO  com.app.Main  - 2)View All product
[main] 2021-08-17 22:59:31 INFO  com.app.Main  - 3)Delete a product from product list
[main] 2021-08-17 22:59:33 INFO  com.app.Main  - View All Products 
[main] 2021-08-17 22:59:34 INFO  com.app.Main  - Only Employee can change Product items...Contact Admin
[main] 2021-08-17 23:00:26 INFO  com.app.Main  - Welcome to Ecommerce App
[main] 2021-08-17 23:00:26 INFO  com.app.Main  - --------------------------------------
[main] 2021-08-17 23:00:26 INFO  com.app.Main  - 
1)For Employee
2)For Customer
[main] 2021-08-17 23:00:30 INFO  com.app.Main  - Hello employee Please Login!

[main] 2021-08-17 23:00:30 INFO  com.app.Main  - Enter User Id:

[main] 2021-08-17 23:00:33 INFO  com.app.Main  - Enter password

[main] 2021-08-17 23:00:35 INFO  com.app.Main  - 1)Add a product into List
[main] 2021-08-17 23:00:35 INFO  com.app.Main  - 2)View All product
[main] 2021-08-17 23:00:35 INFO  com.app.Main  - 3)Delete a product from product list
[main] 2021-08-17 23:00:38 INFO  com.app.Main  - View All Products 
[main] 2021-08-17 23:00:39 INFO  com.app.Main  - Press 1-3 for Employee Menu Again
[main] 2021-08-17 23:01:14 INFO  com.app.Main  - View All Products 
[main] 2021-08-17 23:01:14 INFO  com.app.Main  - Press 1-3 for Employee Menu Again
[main] 2021-08-17 23:01:19 INFO  com.app.Main  - View All Products 
[main] 2021-08-17 23:01:19 INFO  com.app.Main  - Press 1-3 for Employee Menu Again
[main] 2021-08-17 23:01:21 INFO  com.app.Main  - Add details about the product
[main] 2021-08-17 23:01:21 INFO  com.app.Main  - Enter Product Name
[main] 2021-08-17 23:02:12 INFO  com.app.Main  - Enter Product Cost
[main] 2021-08-17 23:20:01 INFO  com.app.Main  - Welcome to Ecommerce App
[main] 2021-08-17 23:20:01 INFO  com.app.Main  - --------------------------------------
[main] 2021-08-17 23:20:01 INFO  com.app.Main  - 
1)For Employee
2)For Customer
[main] 2021-08-17 23:20:04 INFO  com.app.Main  - Hello employee Please Login!

[main] 2021-08-17 23:20:04 INFO  com.app.Main  - Enter User Id:

[main] 2021-08-17 23:20:09 INFO  com.app.Main  - Enter password

[main] 2021-08-17 23:20:12 INFO  com.app.Main  - 1)Add a product into List
[main] 2021-08-17 23:20:12 INFO  com.app.Main  - 2)View All product
[main] 2021-08-17 23:20:12 INFO  com.app.Main  - 3)Delete a product from product list
[main] 2021-08-17 23:20:17 INFO  com.app.Main  - Delete Product By Product id
[main] 2021-08-17 23:20:40 INFO  com.app.Main  - false
[main] 2021-08-17 23:20:40 INFO  com.app.Main  - Press 1-3 for Employee Menu Again
[main] 2021-08-17 23:21:17 INFO  com.app.Main  - Welcome to Ecommerce App
[main] 2021-08-17 23:21:17 INFO  com.app.Main  - --------------------------------------
[main] 2021-08-17 23:21:17 INFO  com.app.Main  - 
1)For Employee
2)For Customer
[main] 2021-08-17 23:21:20 INFO  com.app.Main  - Hello employee Please Login!

[main] 2021-08-17 23:21:20 INFO  com.app.Main  - Enter User Id:

[main] 2021-08-17 23:21:25 INFO  com.app.Main  - Enter password

[main] 2021-08-17 23:21:28 INFO  com.app.Main  - 1)Add a product into List
[main] 2021-08-17 23:21:28 INFO  com.app.Main  - 2)View All product
[main] 2021-08-17 23:21:28 INFO  com.app.Main  - 3)Delete a product from product list
[main] 2021-08-17 23:21:46 INFO  com.app.Main  - Delete Product By Product id
[main] 2021-08-17 23:21:52 INFO  com.app.Main  - false
[main] 2021-08-17 23:21:52 INFO  com.app.Main  - Press 1-3 for Employee Menu Again
[main] 2021-08-17 23:22:06 INFO  com.app.Main  - Welcome to Ecommerce App
[main] 2021-08-17 23:22:06 INFO  com.app.Main  - --------------------------------------
[main] 2021-08-17 23:22:06 INFO  com.app.Main  - 
1)For Employee
2)For Customer
[main] 2021-08-17 23:22:09 INFO  com.app.Main  - Hello employee Please Login!

[main] 2021-08-17 23:22:09 INFO  com.app.Main  - Enter User Id:

[main] 2021-08-17 23:22:13 INFO  com.app.Main  - Enter password

[main] 2021-08-17 23:22:16 INFO  com.app.Main  - 1)Add a product into List
[main] 2021-08-17 23:22:16 INFO  com.app.Main  - 2)View All product
[main] 2021-08-17 23:22:16 INFO  com.app.Main  - 3)Delete a product from product list
[main] 2021-08-17 23:22:22 INFO  com.app.Main  - View All Products 
[main] 2021-08-17 23:23:18 INFO  com.app.Main  - Welcome to Ecommerce App
[main] 2021-08-17 23:23:18 INFO  com.app.Main  - --------------------------------------
[main] 2021-08-17 23:23:18 INFO  com.app.Main  - 
1)For Employee
2)For Customer
[main] 2021-08-17 23:23:20 INFO  com.app.Main  - Hello employee Please Login!

[main] 2021-08-17 23:23:20 INFO  com.app.Main  - Enter User Id:

[main] 2021-08-17 23:23:23 INFO  com.app.Main  - Enter password

[main] 2021-08-17 23:23:26 INFO  com.app.Main  - 1)Add a product into List
[main] 2021-08-17 23:23:26 INFO  com.app.Main  - 2)View All product
[main] 2021-08-17 23:23:26 INFO  com.app.Main  - 3)Delete a product from product list
[main] 2021-08-17 23:23:31 INFO  com.app.Main  - View All Products 
[main] 2021-08-17 23:23:44 INFO  com.app.Main  - false
[main] 2021-08-17 23:25:00 INFO  com.app.Main  - Welcome to Ecommerce App
[main] 2021-08-17 23:25:00 INFO  com.app.Main  - --------------------------------------
[main] 2021-08-17 23:25:00 INFO  com.app.Main  - 
1)For Employee
2)For Customer
[main] 2021-08-17 23:25:02 INFO  com.app.Main  - Hello employee Please Login!

[main] 2021-08-17 23:25:02 INFO  com.app.Main  - Enter User Id:

[main] 2021-08-17 23:25:07 INFO  com.app.Main  - Enter password

[main] 2021-08-17 23:25:10 INFO  com.app.Main  - 1)Add a product into List
[main] 2021-08-17 23:25:10 INFO  com.app.Main  - 2)View All product
[main] 2021-08-17 23:25:10 INFO  com.app.Main  - 3)Delete a product from product list
[main] 2021-08-17 23:25:13 INFO  com.app.Main  - View All Products 
[main] 2021-08-17 23:25:25 INFO  com.app.Main  - false
[main] 2021-08-17 23:25:59 INFO  com.app.Main  - Welcome to Ecommerce App
[main] 2021-08-17 23:25:59 INFO  com.app.Main  - --------------------------------------
[main] 2021-08-17 23:25:59 INFO  com.app.Main  - 
1)For Employee
2)For Customer
[main] 2021-08-17 23:26:03 INFO  com.app.Main  - Hello employee Please Login!

[main] 2021-08-17 23:26:03 INFO  com.app.Main  - Enter User Id:

[main] 2021-08-17 23:26:06 INFO  com.app.Main  - Enter password

[main] 2021-08-17 23:26:11 INFO  com.app.Main  - 1)Add a product into List
[main] 2021-08-17 23:26:11 INFO  com.app.Main  - 2)View All product
[main] 2021-08-17 23:26:11 INFO  com.app.Main  - 3)Delete a product from product list
[main] 2021-08-17 23:26:13 INFO  com.app.Main  - View All Products 
[main] 2021-08-17 23:26:19 INFO  com.app.Main  - true
[main] 2021-08-17 23:26:25 INFO  com.app.Main  - View All Products 
[main] 2021-08-17 23:27:23 INFO  com.app.Main  - Welcome to Ecommerce App
[main] 2021-08-17 23:27:23 INFO  com.app.Main  - --------------------------------------
[main] 2021-08-17 23:27:23 INFO  com.app.Main  - 
1)For Employee
2)For Customer
[main] 2021-08-17 23:27:26 INFO  com.app.Main  - Hello employee Please Login!

[main] 2021-08-17 23:27:26 INFO  com.app.Main  - Enter User Id:

[main] 2021-08-17 23:27:29 INFO  com.app.Main  - Enter password

[main] 2021-08-17 23:27:31 INFO  com.app.Main  - 1)Add a product into List
[main] 2021-08-17 23:27:31 INFO  com.app.Main  - 2)View All product
[main] 2021-08-17 23:27:31 INFO  com.app.Main  - 3)Delete a product from product list
[main] 2021-08-17 23:27:34 INFO  com.app.Main  - View All Products 
[main] 2021-08-17 23:27:43 INFO  com.app.Main  - 1
[main] 2021-08-17 23:47:38 INFO  com.app.Main  - Welcome to Ecommerce App
[main] 2021-08-17 23:47:38 INFO  com.app.Main  - --------------------------------------
[main] 2021-08-17 23:47:38 INFO  com.app.Main  - 
1)For Employee
2)For Customer
[main] 2021-08-17 23:47:41 INFO  com.app.Main  - Hello employee Please Login!

[main] 2021-08-17 23:47:41 INFO  com.app.Main  - Enter User Id:

[main] 2021-08-17 23:47:44 INFO  com.app.Main  - Enter password

[main] 2021-08-17 23:47:47 INFO  com.app.Main  - You are Not an employee.. if you are customer please login

[main] 2021-08-17 23:47:47 INFO  com.app.Main  - 
1)For Employee
2)For Customer
[main] 2021-08-17 23:47:54 INFO  com.app.Main  - Hello employee Please Login!

[main] 2021-08-17 23:47:54 INFO  com.app.Main  - Enter User Id:

[main] 2021-08-17 23:47:57 INFO  com.app.Main  - Enter password

[main] 2021-08-17 23:47:59 INFO  com.app.Main  - You are Not an employee.. if you are customer please login

[main] 2021-08-17 23:47:59 INFO  com.app.Main  - 
1)For Employee
2)For Customer
[main] 2021-08-17 23:48:08 INFO  com.app.Main  - Hello employee Please Login!

[main] 2021-08-17 23:48:08 INFO  com.app.Main  - Enter User Id:

[main] 2021-08-17 23:59:43 INFO  com.app.Main  - Welcome to Ecommerce App
[main] 2021-08-17 23:59:43 INFO  com.app.Main  - --------------------------------------
[main] 2021-08-17 23:59:43 INFO  com.app.Main  - 
1)For Employee
2)For Customer
[main] 2021-08-17 23:59:48 INFO  com.app.Main  - Hello employee Please Login!

[main] 2021-08-17 23:59:48 INFO  com.app.Main  - Enter Employee Id:

[main] 2021-08-17 23:59:54 INFO  com.app.Main  - Enter password

[main] 2021-08-17 23:59:56 INFO  com.app.Main  - 1)Add a product into List
[main] 2021-08-17 23:59:56 INFO  com.app.Main  - 2)View All product
[main] 2021-08-17 23:59:56 INFO  com.app.Main  - 3)Delete a product from product list
[main] 2021-08-18 00:00:00 INFO  com.app.Main  - View All Products 
[main] 2021-08-18 00:00:39 INFO  com.app.Main  - Add details about the product
[main] 2021-08-18 00:00:39 INFO  com.app.Main  - Enter Product Name
[main] 2021-08-18 00:00:51 INFO  com.app.Main  - Enter Product Cost
